Using pre-set license
Built from '2021.3/staging' branch; Version is '2021.3.2f1 (d6360bedb9a0) revision 14038539'; Using compiler version '192829333'; Build Type 'Release'
OS: 'Windows 10  (10.0.19045) 64bit Core' Language: 'es' Physical Memory: 8039 MB
BatchMode: 1, IsHumanControllingUs: 0, StartBugReporterOnCrash: 0, Is64bit: 1, IsPro: 1

COMMAND LINE ARGUMENTS:
D:\Programs\2021.3.2f1\Editor\Unity.exe
-adb2
-batchMode
-noUpm
-name
AssetImportWorker2
-projectPath
D:/Git Repo/NetcodeProject
-logFile
Logs/AssetImportWorker2.log
-srvPort
64225
Successfully changed project path to: D:/Git Repo/NetcodeProject
D:/Git Repo/NetcodeProject
[UnityMemory] Configuration Parameters - Can be set up in boot.config
    "memorysetup-bucket-allocator-granularity=16"
    "memorysetup-bucket-allocator-bucket-count=8"
    "memorysetup-bucket-allocator-block-size=33554432"
    "memorysetup-bucket-allocator-block-count=8"
    "memorysetup-main-allocator-block-size=16777216"
    "memorysetup-thread-allocator-block-size=16777216"
    "memorysetup-gfx-main-allocator-block-size=16777216"
    "memorysetup-gfx-thread-allocator-block-size=16777216"
    "memorysetup-cache-allocator-block-size=4194304"
    "memorysetup-typetree-allocator-block-size=2097152"
    "memorysetup-profiler-bucket-allocator-granularity=16"
    "memorysetup-profiler-bucket-allocator-bucket-count=8"
    "memorysetup-profiler-bucket-allocator-block-size=33554432"
    "memorysetup-profiler-bucket-allocator-block-count=8"
    "memorysetup-profiler-allocator-block-size=16777216"
    "memorysetup-profiler-editor-allocator-block-size=1048576"
    "memorysetup-temp-allocator-size-main=16777216"
    "memorysetup-job-temp-allocator-block-size=2097152"
    "memorysetup-job-temp-allocator-block-size-background=1048576"
    "memorysetup-job-temp-allocator-reduction-small-platforms=262144"
    "memorysetup-temp-allocator-size-background-worker=32768"
    "memorysetup-temp-allocator-size-job-worker=262144"
    "memorysetup-temp-allocator-size-preload-manager=33554432"
    "memorysetup-temp-allocator-size-nav-mesh-worker=65536"
    "memorysetup-temp-allocator-size-audio-worker=65536"
    "memorysetup-temp-allocator-size-cloud-worker=32768"
    "memorysetup-temp-allocator-size-gi-baking-worker=262144"
    "memorysetup-temp-allocator-size-gfx=262144"
Refreshing native plugins compatible for Editor in 157.54 ms, found 3 plugins.
Preloading 0 native plugins for Editor in 0.00 ms.
Initialize engine version: 2021.3.2f1 (d6360bedb9a0)
[Subsystems] Discovering subsystems at path D:/Programs/2021.3.2f1/Editor/Data/Resources/UnitySubsystems
[Subsystems] Discovering subsystems at path D:/Git Repo/NetcodeProject/Assets
GfxDevice: creating device client; threaded=0; jobified=0
Direct3D:
    Version:  Direct3D 11.0 [level 11.1]
    Renderer: NVIDIA GeForce GTX 1050 Ti (ID=0x1c8c)
    Vendor:   NVIDIA
    VRAM:     4019 MB
    Driver:   30.0.15.1215
Initialize mono
Mono path[0] = 'D:/Programs/2021.3.2f1/Editor/Data/Managed'
Mono path[1] = 'D:/Programs/2021.3.2f1/Editor/Data/MonoBleedingEdge/lib/mono/unityjit-win32'
Mono config path = 'D:/Programs/2021.3.2f1/Editor/Data/MonoBleedingEdge/etc'
Using monoOptions --debugger-agent=transport=dt_socket,embedding=1,server=y,suspend=n,address=127.0.0.1:56352
Begin MonoManager ReloadAssembly
Registering precompiled unity dll's ...
Register platform support module: D:/Programs/2021.3.2f1/Editor/Data/PlaybackEngines/AndroidPlayer/UnityEditor.Android.Extensions.dll
Register platform support module: D:/Programs/2021.3.2f1/Editor/Data/PlaybackEngines/WindowsStandaloneSupport/UnityEditor.WindowsStandalone.Extensions.dll
Registered in 0.009042 seconds.
Native extension for WindowsStandalone target not found
Native extension for Android target not found
Refreshing native plugins compatible for Editor in 159.40 ms, found 3 plugins.
Preloading 0 native plugins for Editor in 0.00 ms.
Mono: successfully reloaded assembly
- Completed reload, in  1.046 seconds
Domain Reload Profiling:
	ReloadAssembly (1046ms)
		BeginReloadAssembly (350ms)
			ExecutionOrderSort (0ms)
			DisableScriptedObjects (0ms)
			BackupInstance (0ms)
			ReleaseScriptingObjects (0ms)
			CreateAndSetChildDomain (1ms)
		EndReloadAssembly (575ms)
			LoadAssemblies (350ms)
			RebuildTransferFunctionScriptingTraits (0ms)
			SetupTypeCache (121ms)
			ReleaseScriptCaches (0ms)
			RebuildScriptCaches (28ms)
			SetupLoadedEditorAssemblies (373ms)
				LogAssemblyErrors (0ms)
				InitializePlatformSupportModulesInManaged (62ms)
				SetLoadedEditorAssemblies (2ms)
				RefreshPlugins (159ms)
				BeforeProcessingInitializeOnLoad (1ms)
				ProcessInitializeOnLoadAttributes (101ms)
				ProcessInitializeOnLoadMethodAttributes (47ms)
				AfterProcessingInitializeOnLoad (0ms)
				EditorAssembliesLoaded (0ms)
			ExecutionOrderSort2 (0ms)
			AwakeInstancesAfterBackupRestoration (0ms)
Platform modules already initialized, skipping
Registering precompiled user dll's ...
Registered in 0.030226 seconds.
Android Extension - Scanning For ADB Devices 5876 ms
Begin MonoManager ReloadAssembly
Symbol file LoadedFromMemory doesn't match image D:\Git Repo\NetcodeProject\Library\PackageCache\com.unity.visualscripting@1.7.6\Editor\VisualScripting.Core\Dependencies\YamlDotNet\Unity.VisualScripting.YamlDotNet.dll
Symbol file LoadedFromMemory doesn't match image D:\Git Repo\NetcodeProject\Library\PackageCache\com.unity.visualscripting@1.7.6\Editor\VisualScripting.Core\Dependencies\DotNetZip\Unity.VisualScripting.IonicZip.dll
Native extension for WindowsStandalone target not found
Native extension for Android target not found
Refreshing native plugins compatible for Editor in 175.40 ms, found 3 plugins.
Preloading 0 native plugins for Editor in 0.00 ms.
Mono: successfully reloaded assembly
- Completed reload, in  2.419 seconds
Domain Reload Profiling:
	ReloadAssembly (2420ms)
		BeginReloadAssembly (119ms)
			ExecutionOrderSort (0ms)
			DisableScriptedObjects (6ms)
			BackupInstance (0ms)
			ReleaseScriptingObjects (0ms)
			CreateAndSetChildDomain (22ms)
		EndReloadAssembly (2166ms)
			LoadAssemblies (404ms)
			RebuildTransferFunctionScriptingTraits (0ms)
			SetupTypeCache (423ms)
			ReleaseScriptCaches (1ms)
			RebuildScriptCaches (99ms)
			SetupLoadedEditorAssemblies (1192ms)
				LogAssemblyErrors (0ms)
				InitializePlatformSupportModulesInManaged (12ms)
				SetLoadedEditorAssemblies (0ms)
				RefreshPlugins (175ms)
				BeforeProcessingInitializeOnLoad (190ms)
				ProcessInitializeOnLoadAttributes (417ms)
				ProcessInitializeOnLoadMethodAttributes (393ms)
				AfterProcessingInitializeOnLoad (3ms)
				EditorAssembliesLoaded (0ms)
			ExecutionOrderSort2 (0ms)
			AwakeInstancesAfterBackupRestoration (7ms)
Platform modules already initialized, skipping
========================================================================
Worker process is ready to serve import requests
Launched and connected shader compiler UnityShaderCompiler.exe after 0.24 seconds
Refreshing native plugins compatible for Editor in 1.23 ms, found 3 plugins.
Preloading 0 native plugins for Editor in 0.00 ms.
Unloading 7036 Unused Serialized files (Serialized files now loaded: 0)
Unloading 60 unused Assets / (3.8 MB). Loaded Objects now: 7487.
Memory consumption went from 310.4 MB to 306.6 MB.
Total: 5.851600 ms (FindLiveObjects: 0.660900 ms CreateObjectMapping: 0.574000 ms MarkObjects: 3.596800 ms  DeleteObjects: 1.015200 ms)

AssetImportParameters requested are different than current active one (requested -> active):
  custom:video-decoder-ogg-theora: a1e56fd34408186e4bbccfd4996cb3dc -> 
  custom:container-muxer-webm: aa71ff27fc2769a1b78a27578f13a17b -> 
  custom:container-demuxer-webm: 4f35f7cbe854078d1ac9338744f61a02 -> 
  custom:video-encoder-webm-vp8: eb34c28f22e8b96e1ab97ce403110664 -> 
  custom:audio-encoder-webm-vorbis: bf7c407c2cedff20999df2af8eb42d56 -> 
  custom:framework-win-MediaFoundation: 216162199b28c13a410421893ffa2e32 -> 
  custom:container-demuxer-ogg: 62fdf1f143b41e24485cea50d1cbac27 -> 
  custom:video-decoder-webm-vp8: 9c59270c3fd7afecdb556c50c9e8de78 -> 
  custom:audio-decoder-ogg-vorbis: bf7c407c2cedff20999df2af8eb42d56 -> 
========================================================================
Received Import Request.
  Time since last request: 293123.385767 seconds.
  path: Assets/Dani Level Stuff/Level_Textures/MossyStones/MossyStones.mat
  artifactKey: Guid(b6214575e8f88064eaf7eb5004c606a9) Importer(815301076,1909f56bfc062723c751e8b465ee728b)
Start importing Assets/Dani Level Stuff/Level_Textures/MossyStones/MossyStones.mat using Guid(b6214575e8f88064eaf7eb5004c606a9) Importer(815301076,1909f56bfc062723c751e8b465ee728b)  -> (artifact id: '519cbe3d3396ccb4d25f2daed1fd8fe3') in 1.278661 seconds 
========================================================================
Received Import Request.
  Time since last request: 626.298703 seconds.
  path: Assets/Dani Level Stuff/Level_Textures/MossyStones/TexturesCom_MossyStones_1K_normal.tif
  artifactKey: Guid(a90d6f3059288f64586febdce4689240) Importer(815301076,1909f56bfc062723c751e8b465ee728b)
Start importing Assets/Dani Level Stuff/Level_Textures/MossyStones/TexturesCom_MossyStones_1K_normal.tif using Guid(a90d6f3059288f64586febdce4689240) Importer(815301076,1909f56bfc062723c751e8b465ee728b)  -> (artifact id: 'f7450a68ca468e62d9f3cebe1f83bfe9') in 0.171454 seconds 
========================================================================
Received Prepare
Registering precompiled user dll's ...
Registered in 0.008791 seconds.
Begin MonoManager ReloadAssembly
Symbol file LoadedFromMemory doesn't match image D:\Git Repo\NetcodeProject\Library\PackageCache\com.unity.visualscripting@1.7.6\Editor\VisualScripting.Core\Dependencies\YamlDotNet\Unity.VisualScripting.YamlDotNet.dll
Symbol file LoadedFromMemory doesn't match image D:\Git Repo\NetcodeProject\Library\PackageCache\com.unity.visualscripting@1.7.6\Editor\VisualScripting.Core\Dependencies\DotNetZip\Unity.VisualScripting.IonicZip.dll
Native extension for WindowsStandalone target not found
Native extension for Android target not found
Refreshing native plugins compatible for Editor in 6.18 ms, found 3 plugins.
Preloading 0 native plugins for Editor in 0.00 ms.
Mono: successfully reloaded assembly
- Completed reload, in 18.307 seconds
Domain Reload Profiling:
	ReloadAssembly (18373ms)
		BeginReloadAssembly (10769ms)
			ExecutionOrderSort (18ms)
			DisableScriptedObjects (1290ms)
			BackupInstance (0ms)
			ReleaseScriptingObjects (0ms)
			CreateAndSetChildDomain (4649ms)
		EndReloadAssembly (7196ms)
			LoadAssemblies (2148ms)
			RebuildTransferFunctionScriptingTraits (2ms)
			SetupTypeCache (4565ms)
			ReleaseScriptCaches (2ms)
			RebuildScriptCaches (341ms)
			SetupLoadedEditorAssemblies (1371ms)
				LogAssemblyErrors (0ms)
				InitializePlatformSupportModulesInManaged (34ms)
				SetLoadedEditorAssemblies (1ms)
				RefreshPlugins (6ms)
				BeforeProcessingInitializeOnLoad (175ms)
				ProcessInitializeOnLoadAttributes (1007ms)
				ProcessInitializeOnLoadMethodAttributes (142ms)
				AfterProcessingInitializeOnLoad (3ms)
				EditorAssembliesLoaded (2ms)
			ExecutionOrderSort2 (0ms)
			AwakeInstancesAfterBackupRestoration (21ms)
Platform modules already initialized, skipping
Refreshing native plugins compatible for Editor in 3.30 ms, found 3 plugins.
Preloading 0 native plugins for Editor in 0.00 ms.
Unloading 6710 Unused Serialized files (Serialized files now loaded: 0)
Unloading 53 unused Assets / (3.8 MB). Loaded Objects now: 7640.
Memory consumption went from 299.6 MB to 295.8 MB.
Total: 84.899900 ms (FindLiveObjects: 1.046300 ms CreateObjectMapping: 0.699000 ms MarkObjects: 81.656300 ms  DeleteObjects: 1.495800 ms)

AssetImportParameters requested are different than current active one (requested -> active):
  custom:video-decoder-ogg-theora: a1e56fd34408186e4bbccfd4996cb3dc -> 
  custom:container-muxer-webm: aa71ff27fc2769a1b78a27578f13a17b -> 
  custom:container-demuxer-webm: 4f35f7cbe854078d1ac9338744f61a02 -> 
  custom:video-encoder-webm-vp8: eb34c28f22e8b96e1ab97ce403110664 -> 
  custom:audio-encoder-webm-vorbis: bf7c407c2cedff20999df2af8eb42d56 -> 
  custom:framework-win-MediaFoundation: 216162199b28c13a410421893ffa2e32 -> 
  custom:container-demuxer-ogg: 62fdf1f143b41e24485cea50d1cbac27 -> 
  custom:video-decoder-webm-vp8: 9c59270c3fd7afecdb556c50c9e8de78 -> 
  custom:audio-decoder-ogg-vorbis: bf7c407c2cedff20999df2af8eb42d56 -> 
========================================================================
Received Prepare
Registering precompiled user dll's ...
Registered in 0.010631 seconds.
Begin MonoManager ReloadAssembly
Symbol file LoadedFromMemory doesn't match image D:\Git Repo\NetcodeProject\Library\PackageCache\com.unity.visualscripting@1.7.6\Editor\VisualScripting.Core\Dependencies\YamlDotNet\Unity.VisualScripting.YamlDotNet.dll
Symbol file LoadedFromMemory doesn't match image D:\Git Repo\NetcodeProject\Library\PackageCache\com.unity.visualscripting@1.7.6\Editor\VisualScripting.Core\Dependencies\DotNetZip\Unity.VisualScripting.IonicZip.dll
Native extension for WindowsStandalone target not found
Native extension for Android target not found
Refreshing native plugins compatible for Editor in 3.28 ms, found 3 plugins.
Preloading 0 native plugins for Editor in 0.00 ms.
Mono: successfully reloaded assembly
- Completed reload, in  3.968 seconds
Domain Reload Profiling:
	ReloadAssembly (3969ms)
		BeginReloadAssembly (917ms)
			ExecutionOrderSort (0ms)
			DisableScriptedObjects (13ms)
			BackupInstance (0ms)
			ReleaseScriptingObjects (0ms)
			CreateAndSetChildDomain (345ms)
		EndReloadAssembly (2840ms)
			LoadAssemblies (1140ms)
			RebuildTransferFunctionScriptingTraits (0ms)
			SetupTypeCache (779ms)
			ReleaseScriptCaches (4ms)
			RebuildScriptCaches (117ms)
			SetupLoadedEditorAssemblies (822ms)
				LogAssemblyErrors (0ms)
				InitializePlatformSupportModulesInManaged (39ms)
				SetLoadedEditorAssemblies (1ms)
				RefreshPlugins (4ms)
				BeforeProcessingInitializeOnLoad (184ms)
				ProcessInitializeOnLoadAttributes (518ms)
				ProcessInitializeOnLoadMethodAttributes (71ms)
				AfterProcessingInitializeOnLoad (6ms)
				EditorAssembliesLoaded (1ms)
			ExecutionOrderSort2 (0ms)
			AwakeInstancesAfterBackupRestoration (27ms)
Platform modules already initialized, skipping
Refreshing native plugins compatible for Editor in 5.69 ms, found 3 plugins.
Preloading 0 native plugins for Editor in 0.00 ms.
Unloading 6711 Unused Serialized files (Serialized files now loaded: 0)
Unloading 53 unused Assets / (3.8 MB). Loaded Objects now: 7643.
Memory consumption went from 299.6 MB to 295.8 MB.
Total: 12.661100 ms (FindLiveObjects: 1.611200 ms CreateObjectMapping: 1.535500 ms MarkObjects: 7.844900 ms  DeleteObjects: 1.666400 ms)

AssetImportParameters requested are different than current active one (requested -> active):
  custom:video-decoder-ogg-theora: a1e56fd34408186e4bbccfd4996cb3dc -> 
  custom:container-muxer-webm: aa71ff27fc2769a1b78a27578f13a17b -> 
  custom:container-demuxer-webm: 4f35f7cbe854078d1ac9338744f61a02 -> 
  custom:video-encoder-webm-vp8: eb34c28f22e8b96e1ab97ce403110664 -> 
  custom:audio-encoder-webm-vorbis: bf7c407c2cedff20999df2af8eb42d56 -> 
  custom:framework-win-MediaFoundation: 216162199b28c13a410421893ffa2e32 -> 
  custom:container-demuxer-ogg: 62fdf1f143b41e24485cea50d1cbac27 -> 
  custom:video-decoder-webm-vp8: 9c59270c3fd7afecdb556c50c9e8de78 -> 
  custom:audio-decoder-ogg-vorbis: bf7c407c2cedff20999df2af8eb42d56 -> 
========================================================================
Received Import Request.
  Time since last request: 1189.285875 seconds.
  path: Assets/Dani Level Stuff/Level_Textures/WornConcrete
  artifactKey: Guid(c2841578faa483f40a72ae59e93b982f) Importer(815301076,1909f56bfc062723c751e8b465ee728b)
Start importing Assets/Dani Level Stuff/Level_Textures/WornConcrete using Guid(c2841578faa483f40a72ae59e93b982f) Importer(815301076,1909f56bfc062723c751e8b465ee728b)  -> (artifact id: 'cb0540eef56d2cff300d9bc5edd5f3b2') in 0.153538 seconds 
========================================================================
Received Import Request.
  Time since last request: 3.898821 seconds.
  path: Assets/Dani Level Stuff/Level_Textures/WornConcrete/TexturesCom_Concrete_WornWall_1K_albedo.tif
  artifactKey: Guid(18fadd3f7c237b148afcc8e4a8281407) Importer(815301076,1909f56bfc062723c751e8b465ee728b)
Start importing Assets/Dani Level Stuff/Level_Textures/WornConcrete/TexturesCom_Concrete_WornWall_1K_albedo.tif using Guid(18fadd3f7c237b148afcc8e4a8281407) Importer(815301076,1909f56bfc062723c751e8b465ee728b)  -> (artifact id: '900807f890db9dc7d52e03f96f7568cb') in 1.681752 seconds 
========================================================================
Received Import Request.
  Time since last request: 89.499202 seconds.
  path: Assets/Dani Level Stuff/Level_Textures/WornConcrete/TexturesCom_Concrete_WornWall_1K_normal.tif
  artifactKey: Guid(423c42dfbef5dbe4486f278cb2ca9099) Importer(815301076,1909f56bfc062723c751e8b465ee728b)
Start importing Assets/Dani Level Stuff/Level_Textures/WornConcrete/TexturesCom_Concrete_WornWall_1K_normal.tif using Guid(423c42dfbef5dbe4486f278cb2ca9099) Importer(815301076,1909f56bfc062723c751e8b465ee728b)  -> (artifact id: '240d64f236bf90a707a6e1bd010575a2') in 0.231120 seconds 
========================================================================
Received Import Request.
  Time since last request: 4.980850 seconds.
  path: Assets/Dani Level Stuff/Level_Textures/WornConcrete/TexturesCom_Concrete_WornWall_1K_normal.tif
  artifactKey: Guid(423c42dfbef5dbe4486f278cb2ca9099) Importer(815301076,1909f56bfc062723c751e8b465ee728b)
Start importing Assets/Dani Level Stuff/Level_Textures/WornConcrete/TexturesCom_Concrete_WornWall_1K_normal.tif using Guid(423c42dfbef5dbe4486f278cb2ca9099) Importer(815301076,1909f56bfc062723c751e8b465ee728b)  -> (artifact id: '94c8e2f317bc8d442c8336d53c3acbbc') in 0.316307 seconds 
========================================================================
Received Import Request.
  Time since last request: 282.783537 seconds.
  path: Assets/Dani Level Stuff/Level_Textures/MossyStones/MossyStones.mat
  artifactKey: Guid(b6214575e8f88064eaf7eb5004c606a9) Importer(815301076,1909f56bfc062723c751e8b465ee728b)
Start importing Assets/Dani Level Stuff/Level_Textures/MossyStones/MossyStones.mat using Guid(b6214575e8f88064eaf7eb5004c606a9) Importer(815301076,1909f56bfc062723c751e8b465ee728b)  -> (artifact id: 'd413bbe2456702693807d18910c98b5d') in 4.026054 seconds 
========================================================================
Received Import Request.
  Time since last request: 0.000050 seconds.
  path: Assets/Samples/ProBuilder/5.0.6/Universal Render Pipeline Support/Material/ProBuilder Default URP.mat
  artifactKey: Guid(25a9fb42d361f46ad89221f6d301e96e) Importer(815301076,1909f56bfc062723c751e8b465ee728b)
Start importing Assets/Samples/ProBuilder/5.0.6/Universal Render Pipeline Support/Material/ProBuilder Default URP.mat using Guid(25a9fb42d361f46ad89221f6d301e96e) Importer(815301076,1909f56bfc062723c751e8b465ee728b)  -> (artifact id: 'ad0001d4fcb97dafd20c73336fbea509') in 1.489792 seconds 
========================================================================
Received Import Request.
  Time since last request: 8.866892 seconds.
  path: Assets/Dani Level Stuff/Level_Textures/WornConcrete/WornConcrete.mat
  artifactKey: Guid(fbe2f9e15be25d44c83f7adaee6f0f22) Importer(815301076,1909f56bfc062723c751e8b465ee728b)
Start importing Assets/Dani Level Stuff/Level_Textures/WornConcrete/WornConcrete.mat using Guid(fbe2f9e15be25d44c83f7adaee6f0f22) Importer(815301076,1909f56bfc062723c751e8b465ee728b)  -> (artifact id: '7cb65ea446cd585084249ecc9476ed00') in 0.067184 seconds 
========================================================================
Received Prepare
Registering precompiled user dll's ...
Registered in 0.008279 seconds.
Begin MonoManager ReloadAssembly
Symbol file LoadedFromMemory doesn't match image D:\Git Repo\NetcodeProject\Library\PackageCache\com.unity.visualscripting@1.7.6\Editor\VisualScripting.Core\Dependencies\YamlDotNet\Unity.VisualScripting.YamlDotNet.dll
Symbol file LoadedFromMemory doesn't match image D:\Git Repo\NetcodeProject\Library\PackageCache\com.unity.visualscripting@1.7.6\Editor\VisualScripting.Core\Dependencies\DotNetZip\Unity.VisualScripting.IonicZip.dll
Native extension for WindowsStandalone target not found
Native extension for Android target not found
Refreshing native plugins compatible for Editor in 1.70 ms, found 3 plugins.
Preloading 0 native plugins for Editor in 0.00 ms.
Mono: successfully reloaded assembly
- Completed reload, in  2.868 seconds
Domain Reload Profiling:
	ReloadAssembly (2869ms)
		BeginReloadAssembly (535ms)
			ExecutionOrderSort (0ms)
			DisableScriptedObjects (69ms)
			BackupInstance (0ms)
			ReleaseScriptingObjects (0ms)
			CreateAndSetChildDomain (246ms)
		EndReloadAssembly (2148ms)
			LoadAssemblies (281ms)
			RebuildTransferFunctionScriptingTraits (0ms)
			SetupTypeCache (759ms)
			ReleaseScriptCaches (7ms)
			RebuildScriptCaches (140ms)
			SetupLoadedEditorAssemblies (763ms)
				LogAssemblyErrors (0ms)
				InitializePlatformSupportModulesInManaged (27ms)
				SetLoadedEditorAssemblies (1ms)
				RefreshPlugins (2ms)
				BeforeProcessingInitializeOnLoad (169ms)
				ProcessInitializeOnLoadAttributes (484ms)
				ProcessInitializeOnLoadMethodAttributes (76ms)
				AfterProcessingInitializeOnLoad (4ms)
				EditorAssembliesLoaded (0ms)
			ExecutionOrderSort2 (0ms)
			AwakeInstancesAfterBackupRestoration (29ms)
Platform modules already initialized, skipping
Refreshing native plugins compatible for Editor in 9.19 ms, found 3 plugins.
Preloading 0 native plugins for Editor in 0.00 ms.
Unloading 6711 Unused Serialized files (Serialized files now loaded: 0)
Unloading 53 unused Assets / (3.8 MB). Loaded Objects now: 7752.
Memory consumption went from 300.7 MB to 296.9 MB.
Total: 16.807000 ms (FindLiveObjects: 2.457400 ms CreateObjectMapping: 0.973200 ms MarkObjects: 9.317600 ms  DeleteObjects: 4.047800 ms)

AssetImportParameters requested are different than current active one (requested -> active):
  custom:video-decoder-ogg-theora: a1e56fd34408186e4bbccfd4996cb3dc -> 
  custom:container-muxer-webm: aa71ff27fc2769a1b78a27578f13a17b -> 
  custom:container-demuxer-webm: 4f35f7cbe854078d1ac9338744f61a02 -> 
  custom:video-encoder-webm-vp8: eb34c28f22e8b96e1ab97ce403110664 -> 
  custom:audio-encoder-webm-vorbis: bf7c407c2cedff20999df2af8eb42d56 -> 
  custom:framework-win-MediaFoundation: 216162199b28c13a410421893ffa2e32 -> 
  custom:container-demuxer-ogg: 62fdf1f143b41e24485cea50d1cbac27 -> 
  custom:video-decoder-webm-vp8: 9c59270c3fd7afecdb556c50c9e8de78 -> 
  custom:audio-decoder-ogg-vorbis: bf7c407c2cedff20999df2af8eb42d56 -> 
========================================================================
Received Import Request.
  Time since last request: 560.934040 seconds.
  path: Assets/Dani Level Stuff/Level_Textures/WornConcrete/TexturesCom_Concrete_WornWall_1K_height.tif
  artifactKey: Guid(0198ef60839e36744858de23052d7763) Importer(815301076,1909f56bfc062723c751e8b465ee728b)
Start importing Assets/Dani Level Stuff/Level_Textures/WornConcrete/TexturesCom_Concrete_WornWall_1K_height.tif using Guid(0198ef60839e36744858de23052d7763) Importer(815301076,1909f56bfc062723c751e8b465ee728b)  -> (artifact id: 'b8d8a21e7e6a56ef9354f3b1d8979c32') in 0.124659 seconds 
========================================================================
Received Import Request.
  Time since last request: 1568.550640 seconds.
  path: Assets/Dani Level Stuff/Level_Textures/Moss
  artifactKey: Guid(24706b1d3df4d024d989a524a04ed3ec) Importer(815301076,1909f56bfc062723c751e8b465ee728b)
Start importing Assets/Dani Level Stuff/Level_Textures/Moss using Guid(24706b1d3df4d024d989a524a04ed3ec) Importer(815301076,1909f56bfc062723c751e8b465ee728b)  -> (artifact id: 'd9a16aa42bf5db4a7fc5d0abb6fc5d4b') in 0.055763 seconds 
========================================================================
Received Import Request.
  Time since last request: 59.334531 seconds.
  path: Assets/Dani Level Stuff/Level_Textures/Moss/TexturesCom_Nature_Moss_1K_normal.tif
  artifactKey: Guid(67e2a405ae9b87648af4d954b8a83d78) Importer(815301076,1909f56bfc062723c751e8b465ee728b)
Start importing Assets/Dani Level Stuff/Level_Textures/Moss/TexturesCom_Nature_Moss_1K_normal.tif using Guid(67e2a405ae9b87648af4d954b8a83d78) Importer(815301076,1909f56bfc062723c751e8b465ee728b)  -> (artifact id: 'd33eb6786723d937039b4acdcef810f2') in 0.267279 seconds 
========================================================================
Received Import Request.
  Time since last request: 1063.459110 seconds.
  path: Assets/Dani Level Stuff/Level_Textures/PavimentPainted
  artifactKey: Guid(cbcd77cd96f3d474ba1310624eaabfb5) Importer(815301076,1909f56bfc062723c751e8b465ee728b)
Start importing Assets/Dani Level Stuff/Level_Textures/PavimentPainted using Guid(cbcd77cd96f3d474ba1310624eaabfb5) Importer(815301076,1909f56bfc062723c751e8b465ee728b)  -> (artifact id: 'bd211a0a70e03884a1443dd2c868b068') in 0.116106 seconds 
========================================================================
Received Import Request.
  Time since last request: 62.119401 seconds.
  path: Assets/Dani Level Stuff/Level_Textures/PavimentPainted/TexturesCom_Pavement_PaintedConcrete7_1K_normal.tif
  artifactKey: Guid(3223b2b4a40ae1b40adbabffb3562217) Importer(815301076,1909f56bfc062723c751e8b465ee728b)
Start importing Assets/Dani Level Stuff/Level_Textures/PavimentPainted/TexturesCom_Pavement_PaintedConcrete7_1K_normal.tif using Guid(3223b2b4a40ae1b40adbabffb3562217) Importer(815301076,1909f56bfc062723c751e8b465ee728b)  -> (artifact id: '8ae2cd2ccccda84490b718da802448ef') in 1.095171 seconds 
========================================================================
Received Import Request.
  Time since last request: 3.760085 seconds.
  path: Assets/Dani Level Stuff/Level_Textures/PavimentPainted/TexturesCom_Pavement_PaintedConcrete7_1K_normal.tif
  artifactKey: Guid(3223b2b4a40ae1b40adbabffb3562217) Importer(815301076,1909f56bfc062723c751e8b465ee728b)
Start importing Assets/Dani Level Stuff/Level_Textures/PavimentPainted/TexturesCom_Pavement_PaintedConcrete7_1K_normal.tif using Guid(3223b2b4a40ae1b40adbabffb3562217) Importer(815301076,1909f56bfc062723c751e8b465ee728b)  -> (artifact id: '58657c05b0df42317f8e2934c0b11217') in 2.516344 seconds 
========================================================================
Received Import Request.
  Time since last request: 3642.202937 seconds.
  path: Assets/Dani Level Stuff/Level_Textures/WallTrimConcrete
  artifactKey: Guid(f00300fec0e864b4e9b8185d8271b14b) Importer(815301076,1909f56bfc062723c751e8b465ee728b)
Start importing Assets/Dani Level Stuff/Level_Textures/WallTrimConcrete using Guid(f00300fec0e864b4e9b8185d8271b14b) Importer(815301076,1909f56bfc062723c751e8b465ee728b)  -> (artifact id: 'a3535f5f9b072cf8cd9f5ab166a29706') in 0.035604 seconds 
========================================================================
Received Import Request.
  Time since last request: 126.541987 seconds.
  path: Assets/Dani Level Stuff/Level_Textures/WallTrimConcrete/TexturesCom_Concrete_WallTrim_1K_normal.tif
  artifactKey: Guid(67bd5db9a6b43d746acb03a9bfa67baa) Importer(815301076,1909f56bfc062723c751e8b465ee728b)
Start importing Assets/Dani Level Stuff/Level_Textures/WallTrimConcrete/TexturesCom_Concrete_WallTrim_1K_normal.tif using Guid(67bd5db9a6b43d746acb03a9bfa67baa) Importer(815301076,1909f56bfc062723c751e8b465ee728b)  -> (artifact id: 'af3ea22473b16109c6eab48d2bc08525') in 0.305381 seconds 
========================================================================
Received Import Request.
  Time since last request: 5.234692 seconds.
  path: Assets/Dani Level Stuff/Level_Textures/WallTrimConcrete/TexturesCom_Concrete_WallTrim_1K_normal.tif
  artifactKey: Guid(67bd5db9a6b43d746acb03a9bfa67baa) Importer(815301076,1909f56bfc062723c751e8b465ee728b)
Start importing Assets/Dani Level Stuff/Level_Textures/WallTrimConcrete/TexturesCom_Concrete_WallTrim_1K_normal.tif using Guid(67bd5db9a6b43d746acb03a9bfa67baa) Importer(815301076,1909f56bfc062723c751e8b465ee728b)  -> (artifact id: 'f436c585731eec1c4b92fb9167038268') in 0.198622 seconds 
========================================================================
Received Prepare
Registering precompiled user dll's ...
Registered in 0.081950 seconds.
Begin MonoManager ReloadAssembly
Symbol file LoadedFromMemory doesn't match image D:\Git Repo\NetcodeProject\Library\PackageCache\com.unity.visualscripting@1.7.6\Editor\VisualScripting.Core\Dependencies\YamlDotNet\Unity.VisualScripting.YamlDotNet.dll
Symbol file LoadedFromMemory doesn't match image D:\Git Repo\NetcodeProject\Library\PackageCache\com.unity.visualscripting@1.7.6\Editor\VisualScripting.Core\Dependencies\DotNetZip\Unity.VisualScripting.IonicZip.dll
Native extension for WindowsStandalone target not found
Native extension for Android target not found
Refreshing native plugins compatible for Editor in 1.48 ms, found 3 plugins.
Preloading 0 native plugins for Editor in 0.00 ms.
Mono: successfully reloaded assembly
- Completed reload, in 45.094 seconds
Domain Reload Profiling:
	ReloadAssembly (45285ms)
		BeginReloadAssembly (32235ms)
			ExecutionOrderSort (0ms)
			DisableScriptedObjects (2898ms)
			BackupInstance (0ms)
			ReleaseScriptingObjects (4ms)
			CreateAndSetChildDomain (15180ms)
		EndReloadAssembly (11994ms)
			LoadAssemblies (7070ms)
			RebuildTransferFunctionScriptingTraits (94ms)
			SetupTypeCache (3192ms)
			ReleaseScriptCaches (111ms)
			RebuildScriptCaches (247ms)
			SetupLoadedEditorAssemblies (1719ms)
				LogAssemblyErrors (0ms)
				InitializePlatformSupportModulesInManaged (101ms)
				SetLoadedEditorAssemblies (32ms)
				RefreshPlugins (2ms)
				BeforeProcessingInitializeOnLoad (192ms)
				ProcessInitializeOnLoadAttributes (1290ms)
				ProcessInitializeOnLoadMethodAttributes (92ms)
				AfterProcessingInitializeOnLoad (10ms)
				EditorAssembliesLoaded (0ms)
			ExecutionOrderSort2 (0ms)
			AwakeInstancesAfterBackupRestoration (18ms)
Platform modules already initialized, skipping
Refreshing native plugins compatible for Editor in 22.72 ms, found 3 plugins.
Preloading 0 native plugins for Editor in 0.00 ms.
Unloading 6711 Unused Serialized files (Serialized files now loaded: 0)
Unloading 53 unused Assets / (3.8 MB). Loaded Objects now: 7755.
Memory consumption went from 300.6 MB to 296.8 MB.
Total: 279.710900 ms (FindLiveObjects: 0.595500 ms CreateObjectMapping: 0.472300 ms MarkObjects: 227.399600 ms  DeleteObjects: 51.242100 ms)

AssetImportParameters requested are different than current active one (requested -> active):
  custom:video-decoder-ogg-theora: a1e56fd34408186e4bbccfd4996cb3dc -> 
  custom:container-muxer-webm: aa71ff27fc2769a1b78a27578f13a17b -> 
  custom:container-demuxer-webm: 4f35f7cbe854078d1ac9338744f61a02 -> 
  custom:video-encoder-webm-vp8: eb34c28f22e8b96e1ab97ce403110664 -> 
  custom:audio-encoder-webm-vorbis: bf7c407c2cedff20999df2af8eb42d56 -> 
  custom:framework-win-MediaFoundation: 216162199b28c13a410421893ffa2e32 -> 
  custom:container-demuxer-ogg: 62fdf1f143b41e24485cea50d1cbac27 -> 
  custom:video-decoder-webm-vp8: 9c59270c3fd7afecdb556c50c9e8de78 -> 
  custom:audio-decoder-ogg-vorbis: bf7c407c2cedff20999df2af8eb42d56 -> 
========================================================================
Received Import Request.
  Time since last request: 2995.142477 seconds.
  path: Assets/Dani Level Stuff/Level_Textures/ConcreteDamaged
  artifactKey: Guid(aa0e6d494fba20c479418f2522f91242) Importer(815301076,1909f56bfc062723c751e8b465ee728b)
Start importing Assets/Dani Level Stuff/Level_Textures/ConcreteDamaged using Guid(aa0e6d494fba20c479418f2522f91242) Importer(815301076,1909f56bfc062723c751e8b465ee728b)  -> (artifact id: 'c56cb638608bac63aabc53e62be3243c') in 0.497373 seconds 
========================================================================
Received Import Request.
  Time since last request: 4.572968 seconds.
  path: Assets/Dani Level Stuff/Level_Textures/ConcreteDamaged/TexturesCom_Wall_ConcreteDamagedRebar_3x3_1K_normal.tif
  artifactKey: Guid(426246f22368f4f46b6a666e1bfb9859) Importer(815301076,1909f56bfc062723c751e8b465ee728b)
Start importing Assets/Dani Level Stuff/Level_Textures/ConcreteDamaged/TexturesCom_Wall_ConcreteDamagedRebar_3x3_1K_normal.tif using Guid(426246f22368f4f46b6a666e1bfb9859) Importer(815301076,1909f56bfc062723c751e8b465ee728b)  -> (artifact id: '8e44407626c876b1eb69121169b04859') in 0.865502 seconds 
========================================================================
Received Import Request.
  Time since last request: 17.161710 seconds.
  path: Assets/Dani Level Stuff/Level_Textures/ConcreteDamaged/TexturesCom_Wall_ConcreteDamagedRebar_3x3_1K_normal.tif
  artifactKey: Guid(426246f22368f4f46b6a666e1bfb9859) Importer(815301076,1909f56bfc062723c751e8b465ee728b)
Start importing Assets/Dani Level Stuff/Level_Textures/ConcreteDamaged/TexturesCom_Wall_ConcreteDamagedRebar_3x3_1K_normal.tif using Guid(426246f22368f4f46b6a666e1bfb9859) Importer(815301076,1909f56bfc062723c751e8b465ee728b)  -> (artifact id: '2ab796612a7ae0bfad35dd9dfd81f4a7') in 0.649945 seconds 
========================================================================
Received Prepare
Registering precompiled user dll's ...
Registered in 0.007409 seconds.
Begin MonoManager ReloadAssembly
Symbol file LoadedFromMemory doesn't match image D:\Git Repo\NetcodeProject\Library\PackageCache\com.unity.visualscripting@1.7.6\Editor\VisualScripting.Core\Dependencies\YamlDotNet\Unity.VisualScripting.YamlDotNet.dll
Symbol file LoadedFromMemory doesn't match image D:\Git Repo\NetcodeProject\Library\PackageCache\com.unity.visualscripting@1.7.6\Editor\VisualScripting.Core\Dependencies\DotNetZip\Unity.VisualScripting.IonicZip.dll
Native extension for WindowsStandalone target not found
Native extension for Android target not found
Refreshing native plugins compatible for Editor in 3.52 ms, found 3 plugins.
Preloading 0 native plugins for Editor in 0.00 ms.
Mono: successfully reloaded assembly
- Completed reload, in  2.971 seconds
Domain Reload Profiling:
	ReloadAssembly (2973ms)
		BeginReloadAssembly (618ms)
			ExecutionOrderSort (0ms)
			DisableScriptedObjects (18ms)
			BackupInstance (0ms)
			ReleaseScriptingObjects (0ms)
			CreateAndSetChildDomain (294ms)
		EndReloadAssembly (2025ms)
			LoadAssemblies (297ms)
			RebuildTransferFunctionScriptingTraits (0ms)
			SetupTypeCache (678ms)
			ReleaseScriptCaches (5ms)
			RebuildScriptCaches (120ms)
			SetupLoadedEditorAssemblies (746ms)
				LogAssemblyErrors (0ms)
				InitializePlatformSupportModulesInManaged (30ms)
				SetLoadedEditorAssemblies (1ms)
				RefreshPlugins (4ms)
				BeforeProcessingInitializeOnLoad (145ms)
				ProcessInitializeOnLoadAttributes (473ms)
				ProcessInitializeOnLoadMethodAttributes (89ms)
				AfterProcessingInitializeOnLoad (5ms)
				EditorAssembliesLoaded (0ms)
			ExecutionOrderSort2 (0ms)
			AwakeInstancesAfterBackupRestoration (24ms)
Platform modules already initialized, skipping
Refreshing native plugins compatible for Editor in 3.08 ms, found 3 plugins.
Preloading 0 native plugins for Editor in 0.00 ms.
Unloading 6711 Unused Serialized files (Serialized files now loaded: 0)
Unloading 53 unused Assets / (3.8 MB). Loaded Objects now: 7758.
Memory consumption went from 300.6 MB to 296.8 MB.
Total: 30.813200 ms (FindLiveObjects: 1.978900 ms CreateObjectMapping: 0.718300 ms MarkObjects: 22.684800 ms  DeleteObjects: 5.427400 ms)

AssetImportParameters requested are different than current active one (requested -> active):
  custom:video-decoder-ogg-theora: a1e56fd34408186e4bbccfd4996cb3dc -> 
  custom:container-muxer-webm: aa71ff27fc2769a1b78a27578f13a17b -> 
  custom:container-demuxer-webm: 4f35f7cbe854078d1ac9338744f61a02 -> 
  custom:video-encoder-webm-vp8: eb34c28f22e8b96e1ab97ce403110664 -> 
  custom:audio-encoder-webm-vorbis: bf7c407c2cedff20999df2af8eb42d56 -> 
  custom:framework-win-MediaFoundation: 216162199b28c13a410421893ffa2e32 -> 
  custom:container-demuxer-ogg: 62fdf1f143b41e24485cea50d1cbac27 -> 
  custom:video-decoder-webm-vp8: 9c59270c3fd7afecdb556c50c9e8de78 -> 
  custom:audio-decoder-ogg-vorbis: bf7c407c2cedff20999df2af8eb42d56 -> 
========================================================================
Received Import Request.
  Time since last request: 1509.175711 seconds.
  path: Assets/Dani Level Stuff/Level_Textures/IronWallOrnate
  artifactKey: Guid(9a9a735cb90df5c478530bfadfc2a5af) Importer(815301076,1909f56bfc062723c751e8b465ee728b)
Start importing Assets/Dani Level Stuff/Level_Textures/IronWallOrnate using Guid(9a9a735cb90df5c478530bfadfc2a5af) Importer(815301076,1909f56bfc062723c751e8b465ee728b)  -> (artifact id: '25a56f9a58a30eb896de1cf4cd542971') in 0.044566 seconds 
========================================================================
Received Import Request.
  Time since last request: 26.555825 seconds.
  path: Assets/Dani Level Stuff/Level_Textures/IronWallOrnate/TexturesCom_WallIronOrnate_1K_normal.tif
  artifactKey: Guid(2ec1e9d3754a4fe4a861a00bbc6e49f0) Importer(815301076,1909f56bfc062723c751e8b465ee728b)
Start importing Assets/Dani Level Stuff/Level_Textures/IronWallOrnate/TexturesCom_WallIronOrnate_1K_normal.tif using Guid(2ec1e9d3754a4fe4a861a00bbc6e49f0) Importer(815301076,1909f56bfc062723c751e8b465ee728b)  -> (artifact id: '60ba69d9bfe71389db48166018ac9d0c') in 0.223684 seconds 
========================================================================
Received Import Request.
  Time since last request: 4.789476 seconds.
  path: Assets/Dani Level Stuff/Level_Textures/IronWallOrnate/TexturesCom_WallIronOrnate_1K_normal.tif
  artifactKey: Guid(2ec1e9d3754a4fe4a861a00bbc6e49f0) Importer(815301076,1909f56bfc062723c751e8b465ee728b)
Start importing Assets/Dani Level Stuff/Level_Textures/IronWallOrnate/TexturesCom_WallIronOrnate_1K_normal.tif using Guid(2ec1e9d3754a4fe4a861a00bbc6e49f0) Importer(815301076,1909f56bfc062723c751e8b465ee728b)  -> (artifact id: 'da632c29279bcb77926ba4c684b73a56') in 0.211397 seconds 
========================================================================
Received Import Request.
  Time since last request: 844.006874 seconds.
  path: Assets/Dani Level Stuff/Level_Textures/BronzeRooftiles
  artifactKey: Guid(7a3e8ab977a4a4d458b20a58f188d030) Importer(815301076,1909f56bfc062723c751e8b465ee728b)
Start importing Assets/Dani Level Stuff/Level_Textures/BronzeRooftiles using Guid(7a3e8ab977a4a4d458b20a58f188d030) Importer(815301076,1909f56bfc062723c751e8b465ee728b)  -> (artifact id: '227ddf5bfe9b321eaa8782fa95d76a44') in 0.012394 seconds 
========================================================================
Received Import Request.
  Time since last request: 190.185627 seconds.
  path: Assets/Dani Level Stuff/Level_Textures/BronzeRooftiles/TexturesCom_Roofing_BronzeOld_1.5x1.5_512_albedo.tif
  artifactKey: Guid(8c2ef4d1b3134bf49a22ae6cd7bdf53e) Importer(815301076,1909f56bfc062723c751e8b465ee728b)
Start importing Assets/Dani Level Stuff/Level_Textures/BronzeRooftiles/TexturesCom_Roofing_BronzeOld_1.5x1.5_512_albedo.tif using Guid(8c2ef4d1b3134bf49a22ae6cd7bdf53e) Importer(815301076,1909f56bfc062723c751e8b465ee728b)  -> (artifact id: 'a7e51724d5fe12b377ffc35362b5015d') in 0.417981 seconds 
========================================================================
Received Import Request.
  Time since last request: 7.965036 seconds.
  path: Assets/Dani Level Stuff/Level_Textures/BronzeRooftiles/TexturesCom_Roofing_BronzeOld_1.5x1.5_512_normal.tif
  artifactKey: Guid(09296462527427548859ca8a897b2668) Importer(815301076,1909f56bfc062723c751e8b465ee728b)
Start importing Assets/Dani Level Stuff/Level_Textures/BronzeRooftiles/TexturesCom_Roofing_BronzeOld_1.5x1.5_512_normal.tif using Guid(09296462527427548859ca8a897b2668) Importer(815301076,1909f56bfc062723c751e8b465ee728b)  -> (artifact id: '2183a436567e22d38c1fd351eaf252d7') in 0.031010 seconds 
========================================================================
Received Import Request.
  Time since last request: 4.680724 seconds.
  path: Assets/Dani Level Stuff/Level_Textures/BronzeRooftiles/TexturesCom_Roofing_BronzeOld_1.5x1.5_512_normal.tif
  artifactKey: Guid(09296462527427548859ca8a897b2668) Importer(815301076,1909f56bfc062723c751e8b465ee728b)
Start importing Assets/Dani Level Stuff/Level_Textures/BronzeRooftiles/TexturesCom_Roofing_BronzeOld_1.5x1.5_512_normal.tif using Guid(09296462527427548859ca8a897b2668) Importer(815301076,1909f56bfc062723c751e8b465ee728b)  -> (artifact id: 'a67f5b07d60138cd850b61589220d77a') in 0.149881 seconds 
========================================================================
Received Import Request.
  Time since last request: 2293.823985 seconds.
  path: Assets/Dani Level Stuff/Level_Textures/MossyBricks
  artifactKey: Guid(f5735f91a9b5c16428aaaa70bb7e209d) Importer(815301076,1909f56bfc062723c751e8b465ee728b)
Start importing Assets/Dani Level Stuff/Level_Textures/MossyBricks using Guid(f5735f91a9b5c16428aaaa70bb7e209d) Importer(815301076,1909f56bfc062723c751e8b465ee728b)  -> (artifact id: 'cbc3c547636c2fa40942bfd3b02d2448') in 0.074649 seconds 
========================================================================
Received Import Request.
  Time since last request: 37.739804 seconds.
  path: Assets/Dani Level Stuff/Level_Textures/MossyBricks/TexturesCom_Wall_BrickWeatheredMossy_5x2.5_1K_normal.tif
  artifactKey: Guid(4479741aca36d4f459b8793f00869a95) Importer(815301076,1909f56bfc062723c751e8b465ee728b)
Start importing Assets/Dani Level Stuff/Level_Textures/MossyBricks/TexturesCom_Wall_BrickWeatheredMossy_5x2.5_1K_normal.tif using Guid(4479741aca36d4f459b8793f00869a95) Importer(815301076,1909f56bfc062723c751e8b465ee728b)  -> (artifact id: 'd689ba1c8e25a67e167e092c6d86a747') in 0.348333 seconds 
========================================================================
Received Import Request.
  Time since last request: 3.463673 seconds.
  path: Assets/Dani Level Stuff/Level_Textures/MossyBricks/TexturesCom_Wall_BrickWeatheredMossy_5x2.5_1K_normal.tif
  artifactKey: Guid(4479741aca36d4f459b8793f00869a95) Importer(815301076,1909f56bfc062723c751e8b465ee728b)
Start importing Assets/Dani Level Stuff/Level_Textures/MossyBricks/TexturesCom_Wall_BrickWeatheredMossy_5x2.5_1K_normal.tif using Guid(4479741aca36d4f459b8793f00869a95) Importer(815301076,1909f56bfc062723c751e8b465ee728b)  -> (artifact id: '7be2e954af24a6d5ec2fbdd064eaef46') in 0.391195 seconds 
========================================================================
Received Import Request.
  Time since last request: 596.768232 seconds.
  path: Assets/Dani Level Stuff/Level_Textures/AbstractConcrete
  artifactKey: Guid(07e298146a264e1438eee36309a5eae2) Importer(815301076,1909f56bfc062723c751e8b465ee728b)
Start importing Assets/Dani Level Stuff/Level_Textures/AbstractConcrete using Guid(07e298146a264e1438eee36309a5eae2) Importer(815301076,1909f56bfc062723c751e8b465ee728b)  -> (artifact id: '23b96fe1cb3500d1f73ceb7c90501d04') in 0.074537 seconds 
========================================================================
Received Import Request.
  Time since last request: 32.270291 seconds.
  path: Assets/Dani Level Stuff/Level_Textures/AbstractConcrete/TexturesCom_Concrete_WallAbstract_1K_normal.tif
  artifactKey: Guid(2193b6f6a24bc5d459980249df5150e9) Importer(815301076,1909f56bfc062723c751e8b465ee728b)
Start importing Assets/Dani Level Stuff/Level_Textures/AbstractConcrete/TexturesCom_Concrete_WallAbstract_1K_normal.tif using Guid(2193b6f6a24bc5d459980249df5150e9) Importer(815301076,1909f56bfc062723c751e8b465ee728b)  -> (artifact id: 'c831235479033303a7b585d66313ba47') in 0.708875 seconds 
========================================================================
Received Import Request.
  Time since last request: 7.417301 seconds.
  path: Assets/Dani Level Stuff/Level_Textures/AbstractConcrete/TexturesCom_Concrete_WallAbstract_1K_normal.tif
  artifactKey: Guid(2193b6f6a24bc5d459980249df5150e9) Importer(815301076,1909f56bfc062723c751e8b465ee728b)
Start importing Assets/Dani Level Stuff/Level_Textures/AbstractConcrete/TexturesCom_Concrete_WallAbstract_1K_normal.tif using Guid(2193b6f6a24bc5d459980249df5150e9) Importer(815301076,1909f56bfc062723c751e8b465ee728b)  -> (artifact id: '8ae5e7d289fb94b69dd16cb5dee76854') in 0.056038 seconds 
========================================================================
Received Import Request.
  Time since last request: 2.695031 seconds.
  path: Assets/Dani Level Stuff/Level_Textures/AbstractConcrete/TexturesCom_Concrete_WallAbstract_1K_height.tif
  artifactKey: Guid(74b7f5d08b56cbf4a8127457254b3125) Importer(815301076,1909f56bfc062723c751e8b465ee728b)
Start importing Assets/Dani Level Stuff/Level_Textures/AbstractConcrete/TexturesCom_Concrete_WallAbstract_1K_height.tif using Guid(74b7f5d08b56cbf4a8127457254b3125) Importer(815301076,1909f56bfc062723c751e8b465ee728b)  -> (artifact id: '8b00281e8879dc27889802b291e630d5') in 0.079410 seconds 
========================================================================
Received Import Request.
  Time since last request: 302.280754 seconds.
  path: Packages/com.unity.services.core/Editor/Core/UiHelpers/Images/ExternalLinkIcon.png
  artifactKey: Guid(dcfa8e537229b4e8db4c6bc39a906c89) Importer(815301076,1909f56bfc062723c751e8b465ee728b)
Start importing Packages/com.unity.services.core/Editor/Core/UiHelpers/Images/ExternalLinkIcon.png using Guid(dcfa8e537229b4e8db4c6bc39a906c89) Importer(815301076,1909f56bfc062723c751e8b465ee728b)  -> (artifact id: '555d5bcab001c57eaacd4a5101b1e792') in 4.572178 seconds 
========================================================================
Received Import Request.
  Time since last request: 0.000088 seconds.
  path: Assets/Dani Level Stuff/Level_Textures/WornConcrete/TexturesCom_Concrete_WornWall_1K_roughness.tif
  artifactKey: Guid(808d2264e7f507743b901f9482402478) Importer(815301076,1909f56bfc062723c751e8b465ee728b)
Start importing Assets/Dani Level Stuff/Level_Textures/WornConcrete/TexturesCom_Concrete_WornWall_1K_roughness.tif using Guid(808d2264e7f507743b901f9482402478) Importer(815301076,1909f56bfc062723c751e8b465ee728b)  -> (artifact id: '294bab13c89c52c8fefb50743c335d77') in 0.820330 seconds 
========================================================================
Received Import Request.
  Time since last request: 0.000055 seconds.
  path: Packages/com.unity.services.core/Editor/Core/UiHelpers/Images/ToggleOff.png
  artifactKey: Guid(04ca3057bc8a3462899551a1d4c90184) Importer(815301076,1909f56bfc062723c751e8b465ee728b)
Start importing Packages/com.unity.services.core/Editor/Core/UiHelpers/Images/ToggleOff.png using Guid(04ca3057bc8a3462899551a1d4c90184) Importer(815301076,1909f56bfc062723c751e8b465ee728b)  -> (artifact id: 'c8bca927f3739e1e65e25d0bd204c50c') in 0.464663 seconds 
========================================================================
Received Import Request.
  Time since last request: 0.000081 seconds.
  path: Assets/Dani Level Stuff/Level_Textures/WallTrimConcrete/TexturesCom_Concrete_WallTrim_1K_albedo.tif
  artifactKey: Guid(ae66bd2235ed34d45b9db1646dc4bd1e) Importer(815301076,1909f56bfc062723c751e8b465ee728b)
Start importing Assets/Dani Level Stuff/Level_Textures/WallTrimConcrete/TexturesCom_Concrete_WallTrim_1K_albedo.tif using Guid(ae66bd2235ed34d45b9db1646dc4bd1e) Importer(815301076,1909f56bfc062723c751e8b465ee728b)  -> (artifact id: '9e911c047aaa44f136e12d9f8cdfde0c') in 0.391298 seconds 
========================================================================
Received Import Request.
  Time since last request: 0.000042 seconds.
  path: Assets/Dani Level Stuff/Level_Textures/WallTrimConcrete/TexturesCom_Concrete_WallTrim_1K_height.tif
  artifactKey: Guid(c0031ccb58658514392248878830ad5a) Importer(815301076,1909f56bfc062723c751e8b465ee728b)
Start importing Assets/Dani Level Stuff/Level_Textures/WallTrimConcrete/TexturesCom_Concrete_WallTrim_1K_height.tif using Guid(c0031ccb58658514392248878830ad5a) Importer(815301076,1909f56bfc062723c751e8b465ee728b)  -> (artifact id: '93f3a579eac93d86ad4e6fa910c7b120') in 0.384538 seconds 
========================================================================
Received Import Request.
  Time since last request: 0.000037 seconds.
  path: Assets/Dani Level Stuff/Level_Textures/MossyBricks/TexturesCom_Wall_BrickWeatheredMossy_5x2.5_1K_albedo.tif
  artifactKey: Guid(2b795bc913c27fc47a52efbb4afeb62d) Importer(815301076,1909f56bfc062723c751e8b465ee728b)
Start importing Assets/Dani Level Stuff/Level_Textures/MossyBricks/TexturesCom_Wall_BrickWeatheredMossy_5x2.5_1K_albedo.tif using Guid(2b795bc913c27fc47a52efbb4afeb62d) Importer(815301076,1909f56bfc062723c751e8b465ee728b)  -> (artifact id: 'be579dec1359c623af727454b4db9712') in 0.135929 seconds 
========================================================================
Received Import Request.
  Time since last request: 0.000053 seconds.
  path: Assets/Dani Level Stuff/Level_Textures/Moss/TexturesCom_Nature_Moss_1K_roughness.tif
  artifactKey: Guid(841f8d6d098044d4b819131b10d5adaa) Importer(815301076,1909f56bfc062723c751e8b465ee728b)
Start importing Assets/Dani Level Stuff/Level_Textures/Moss/TexturesCom_Nature_Moss_1K_roughness.tif using Guid(841f8d6d098044d4b819131b10d5adaa) Importer(815301076,1909f56bfc062723c751e8b465ee728b)  -> (artifact id: '763820a3dc3f5dbaf6d05278e2906fa6') in 0.271741 seconds 
========================================================================
Received Import Request.
  Time since last request: 0.000042 seconds.
  path: Assets/Dani Level Stuff/Level_Textures/IronWallOrnate/TexturesCom_WallIronOrnate_1K_height.tif
  artifactKey: Guid(6af18d61a06ae7945b5294a95393ef0c) Importer(815301076,1909f56bfc062723c751e8b465ee728b)
Start importing Assets/Dani Level Stuff/Level_Textures/IronWallOrnate/TexturesCom_WallIronOrnate_1K_height.tif using Guid(6af18d61a06ae7945b5294a95393ef0c) Importer(815301076,1909f56bfc062723c751e8b465ee728b)  -> (artifact id: 'aed2bee453db7a138e3f8aad01b93b6a') in 0.298964 seconds 
========================================================================
Received Import Request.
  Time since last request: 0.000039 seconds.
  path: Assets/Dani Level Stuff/Level_Textures/ConcreteDamaged/TexturesCom_Wall_ConcreteDamagedRebar_3x3_1K_albedo.tif
  artifactKey: Guid(04d5dc5b48cdcea4a87e7de479ef14a9) Importer(815301076,1909f56bfc062723c751e8b465ee728b)
Start importing Assets/Dani Level Stuff/Level_Textures/ConcreteDamaged/TexturesCom_Wall_ConcreteDamagedRebar_3x3_1K_albedo.tif using Guid(04d5dc5b48cdcea4a87e7de479ef14a9) Importer(815301076,1909f56bfc062723c751e8b465ee728b)  -> (artifact id: '42b2df83c574c4ad0d071606d51e9734') in 0.153585 seconds 
========================================================================
Received Import Request.
  Time since last request: 0.000040 seconds.
  path: Assets/Dani Level Stuff/Level_Textures/WornConcrete/TexturesCom_Concrete_WornWall_1K_ao.tif
  artifactKey: Guid(bfca42865f965aa41b5eacddf5ea1874) Importer(815301076,1909f56bfc062723c751e8b465ee728b)
Start importing Assets/Dani Level Stuff/Level_Textures/WornConcrete/TexturesCom_Concrete_WornWall_1K_ao.tif using Guid(bfca42865f965aa41b5eacddf5ea1874) Importer(815301076,1909f56bfc062723c751e8b465ee728b)  -> (artifact id: '15ebfdcd8265f10e26bffb0a441781a3') in 0.412921 seconds 
========================================================================
Received Import Request.
  Time since last request: 0.000058 seconds.
  path: Assets/Dani Level Stuff/Level_Textures/Moss/TexturesCom_Nature_Moss_1K_albedo.tif
  artifactKey: Guid(393f1f55d3286e047b474c170f710ad1) Importer(815301076,1909f56bfc062723c751e8b465ee728b)
Start importing Assets/Dani Level Stuff/Level_Textures/Moss/TexturesCom_Nature_Moss_1K_albedo.tif using Guid(393f1f55d3286e047b474c170f710ad1) Importer(815301076,1909f56bfc062723c751e8b465ee728b)  -> (artifact id: '17ea55e9a90b7a3bcb6d39af725ff428') in 0.292288 seconds 
========================================================================
Received Import Request.
  Time since last request: 0.000042 seconds.
  path: Packages/com.unity.services.core/Editor/Core/UiHelpers/Images/ToggleOn.png
  artifactKey: Guid(e97f44a089f144758b462da41bc96973) Importer(815301076,1909f56bfc062723c751e8b465ee728b)
Start importing Packages/com.unity.services.core/Editor/Core/UiHelpers/Images/ToggleOn.png using Guid(e97f44a089f144758b462da41bc96973) Importer(815301076,1909f56bfc062723c751e8b465ee728b)  -> (artifact id: '478764cbd432e3f5feae34ccae44cc9f') in 0.373410 seconds 
========================================================================
Received Import Request.
  Time since last request: 0.000041 seconds.
  path: Assets/Dani Level Stuff/Level_Textures/BronzeRooftiles/TexturesCom_Roofing_BronzeOld_1.5x1.5_512_height.tif
  artifactKey: Guid(ce68ba36659fc1a4a986c6af264d347d) Importer(815301076,1909f56bfc062723c751e8b465ee728b)
Start importing Assets/Dani Level Stuff/Level_Textures/BronzeRooftiles/TexturesCom_Roofing_BronzeOld_1.5x1.5_512_height.tif using Guid(ce68ba36659fc1a4a986c6af264d347d) Importer(815301076,1909f56bfc062723c751e8b465ee728b)  -> (artifact id: 'aab468b49f625c54a719219ceab9f237') in 0.122665 seconds 
========================================================================
Received Import Request.
  Time since last request: 0.000041 seconds.
  path: Assets/TutorialInfo/Icons/Help_Icon.png
  artifactKey: Guid(9266273b8f123004195741f969177dda) Importer(815301076,1909f56bfc062723c751e8b465ee728b)
Start importing Assets/TutorialInfo/Icons/Help_Icon.png using Guid(9266273b8f123004195741f969177dda) Importer(815301076,1909f56bfc062723c751e8b465ee728b)  -> (artifact id: 'bbf3f8625bca4c22fd73c2271ca930ee') in 0.770872 seconds 
========================================================================
Received Import Request.
  Time since last request: 0.000040 seconds.
  path: Assets/Dani Level Stuff/Level_Textures/AbstractConcrete/TexturesCom_Concrete_WallAbstract_1K_albedo.tif
  artifactKey: Guid(e8b28705cc3131f48ae9ab7aaedd1c1c) Importer(815301076,1909f56bfc062723c751e8b465ee728b)
Start importing Assets/Dani Level Stuff/Level_Textures/AbstractConcrete/TexturesCom_Concrete_WallAbstract_1K_albedo.tif using Guid(e8b28705cc3131f48ae9ab7aaedd1c1c) Importer(815301076,1909f56bfc062723c751e8b465ee728b)  -> (artifact id: '33fe3c19c74ed03809e9086e6259eb70') in 0.266661 seconds 
========================================================================
Received Import Request.
  Time since last request: 0.000039 seconds.
  path: Assets/Dani Level Stuff/Level_Textures/IronWallOrnate/TexturesCom_WallIronOrnate_1K_albedo.tif
  artifactKey: Guid(dcdb4a71c45c17b439bce4f394c640d8) Importer(815301076,1909f56bfc062723c751e8b465ee728b)
Start importing Assets/Dani Level Stuff/Level_Textures/IronWallOrnate/TexturesCom_WallIronOrnate_1K_albedo.tif using Guid(dcdb4a71c45c17b439bce4f394c640d8) Importer(815301076,1909f56bfc062723c751e8b465ee728b)  -> (artifact id: '25902916169a90a342a2121d420fedc5') in 0.496952 seconds 
========================================================================
Received Import Request.
  Time since last request: 0.000028 seconds.
  path: Assets/Dani Level Stuff/Level_Textures/PavimentPainted/TexturesCom_Pavement_PaintedConcrete7_1K_albedo.tif
  artifactKey: Guid(6a52c2f4a67683347ad0e571d5164fd1) Importer(815301076,1909f56bfc062723c751e8b465ee728b)
Start importing Assets/Dani Level Stuff/Level_Textures/PavimentPainted/TexturesCom_Pavement_PaintedConcrete7_1K_albedo.tif using Guid(6a52c2f4a67683347ad0e571d5164fd1) Importer(815301076,1909f56bfc062723c751e8b465ee728b)  -> (artifact id: '5c3ff52fffb987266d28d0c7d6a83cf1') in 0.355933 seconds 
========================================================================
Received Import Request.
  Time since last request: 0.000040 seconds.
  path: Assets/Dani Level Stuff/Level_Textures/Moss/TexturesCom_Nature_Moss_1K_normal.tif
  artifactKey: Guid(67e2a405ae9b87648af4d954b8a83d78) Importer(815301076,1909f56bfc062723c751e8b465ee728b)
Start importing Assets/Dani Level Stuff/Level_Textures/Moss/TexturesCom_Nature_Moss_1K_normal.tif using Guid(67e2a405ae9b87648af4d954b8a83d78) Importer(815301076,1909f56bfc062723c751e8b465ee728b)  -> (artifact id: '5c871ee5a268f83af98a15e77351be86') in 0.257367 seconds 
========================================================================
Received Import Request.
  Time since last request: 0.000159 seconds.
  path: Assets/Dani Level Stuff/Level_Textures/PavimentPainted/TexturesCom_Pavement_PaintedConcrete7_1K_height.tif
  artifactKey: Guid(46db5c07184881c46bd5bf0ca3a148ab) Importer(815301076,1909f56bfc062723c751e8b465ee728b)
Start importing Assets/Dani Level Stuff/Level_Textures/PavimentPainted/TexturesCom_Pavement_PaintedConcrete7_1K_height.tif using Guid(46db5c07184881c46bd5bf0ca3a148ab) Importer(815301076,1909f56bfc062723c751e8b465ee728b)  -> (artifact id: 'f51be401d62a65833f7ace90ea9efdb4') in 0.261516 seconds 
========================================================================
Received Import Request.
  Time since last request: 0.000064 seconds.
  path: Assets/Dani Level Stuff/Level_Textures/MossyBricks/TexturesCom_Wall_BrickWeatheredMossy_5x2.5_1K_height.tif
  artifactKey: Guid(6162b5201afe23844b2755b74818363c) Importer(815301076,1909f56bfc062723c751e8b465ee728b)
Start importing Assets/Dani Level Stuff/Level_Textures/MossyBricks/TexturesCom_Wall_BrickWeatheredMossy_5x2.5_1K_height.tif using Guid(6162b5201afe23844b2755b74818363c) Importer(815301076,1909f56bfc062723c751e8b465ee728b)  -> (artifact id: 'dd29cc23676eb624e4da565ab9b6f6db') in 0.133921 seconds 
========================================================================
Received Import Request.
  Time since last request: 0.000031 seconds.
  path: Assets/Dani Level Stuff/Level_Textures/Moss/TexturesCom_Nature_Moss_1K_height.tif
  artifactKey: Guid(0207935951db2634ea8a2cfd705b71a5) Importer(815301076,1909f56bfc062723c751e8b465ee728b)
Start importing Assets/Dani Level Stuff/Level_Textures/Moss/TexturesCom_Nature_Moss_1K_height.tif using Guid(0207935951db2634ea8a2cfd705b71a5) Importer(815301076,1909f56bfc062723c751e8b465ee728b)  -> (artifact id: 'e30455cacbeb2573a3053b7d523bc9aa') in 0.220357 seconds 
========================================================================
Received Import Request.
  Time since last request: 0.000068 seconds.
  path: Assets/Dani Level Stuff/Level_Textures/Moss/TexturesCom_Nature_Moss_1K_ao.tif
  artifactKey: Guid(31cb754aa36a45542aa9670cb562718d) Importer(815301076,1909f56bfc062723c751e8b465ee728b)
Start importing Assets/Dani Level Stuff/Level_Textures/Moss/TexturesCom_Nature_Moss_1K_ao.tif using Guid(31cb754aa36a45542aa9670cb562718d) Importer(815301076,1909f56bfc062723c751e8b465ee728b)  -> (artifact id: 'afd1cfa49b04f6278710d428ac75a2e4') in 0.403953 seconds 
========================================================================
Received Import Request.
  Time since last request: 0.000050 seconds.
  path: Assets/Dani Level Stuff/Level_Textures/ConcreteDamaged/TexturesCom_Wall_ConcreteDamagedRebar_3x3_1K_height.tif
  artifactKey: Guid(32da126c53c707e44bba67174ed93645) Importer(815301076,1909f56bfc062723c751e8b465ee728b)
Start importing Assets/Dani Level Stuff/Level_Textures/ConcreteDamaged/TexturesCom_Wall_ConcreteDamagedRebar_3x3_1K_height.tif using Guid(32da126c53c707e44bba67174ed93645) Importer(815301076,1909f56bfc062723c751e8b465ee728b)  -> (artifact id: '496c17b1baddf55d34b451f616654539') in 0.147988 seconds 
